<?xml version="1.0" encoding="UTF-8"?>
<!-- Generated by org.testng.reporters.JUnitReportReporter -->
<testsuite skipped="0" hostname="PTS-LDR-KARTHAB" name="com.qa.test.GetTest" tests="1" failures="0" timestamp="22 Jan 2019 05:48:20 GMT" time="4.229" errors="0">
  <testcase name="ValidateJSONResponse" time="4.229" classname="com.qa.test.GetTest"/>
</testsuite> <!-- com.qa.test.GetTest -->
