<?xml version="1.0" encoding="UTF-8"?>
<!-- Generated by org.testng.reporters.JUnitReportReporter -->
<testsuite skipped="0" hostname="PTS-LDR-KARTHAB" name="com.qa.test.GetTest" tests="12" failures="0" timestamp="23 Jan 2019 09:05:22 GMT" time="10.437" errors="0">
  <testcase name="validateGetStatusCode" time="0.243" classname="com.qa.test.GetTest"/>
  <testcase name="validateGetStatusCode" time="0.274" classname="com.qa.test.GetTest"/>
  <testcase name="validateGetStatusCode" time="3.725" classname="com.qa.test.GetTest"/>
  <testcase name="validateGetHeader" time="0.282" classname="com.qa.test.GetTest"/>
  <testcase name="validateGetHeader" time="0.217" classname="com.qa.test.GetTest"/>
  <testcase name="validateGetHeader" time="0.940" classname="com.qa.test.GetTest"/>
  <testcase name="validateUserName" time="0.346" classname="com.qa.test.GetTest"/>
  <testcase name="validateUserName" time="0.254" classname="com.qa.test.GetTest"/>
  <testcase name="validateUserName" time="0.318" classname="com.qa.test.GetTest"/>
  <testcase name="validateSort" time="1.796" classname="com.qa.test.GetTest"/>
  <testcase name="validateSort" time="0.957" classname="com.qa.test.GetTest"/>
  <testcase name="validateSort" time="1.085" classname="com.qa.test.GetTest"/>
</testsuite> <!-- com.qa.test.GetTest -->
